<?xml version="1.0" encoding="UTF-8"?>
<!-- Generated by org.testng.reporters.JUnitReportReporter -->
<testsuite hostname="LAPTOP-T2NCHBJT" failures="0" tests="2" name="day41.Annotationsbeforeclass" time="0.018" errors="0" timestamp="2023-08-16T16:09:16 EDT" skipped="0">
  <testcase classname="day41.Annotationsbeforeclass" name="advancedSearch" time="0.016"/>
  <testcase classname="day41.Annotationsbeforeclass" name="search" time="0.002"/>
</testsuite> <!-- day41.Annotationsbeforeclass -->
