<?xml version="1.0" encoding="UTF-8"?>
<!-- Generated by org.testng.reporters.JUnitReportReporter -->
<testsuite hostname="LAPTOP-T2NCHBJT" failures="0" tests="2" name="day41.Annotations_Assert" time="0.020" errors="0" timestamp="2023-08-16T14:05:52 EDT" skipped="0">
  <testcase classname="day41.Annotations_Assert" name="search" time="0.003"/>
  <testcase classname="day41.Annotations_Assert" name="advancedSearch" time="0.017"/>
</testsuite> <!-- day41.Annotations_Assert -->
