<?xml version="1.0" encoding="UTF-8"?>
<!-- Generated by org.testng.reporters.JUnitReportReporter -->
<testsuite hostname="LAPTOP-T2NCHBJT" failures="0" tests="3" name="day40.FirstTestcase" time="0.011" errors="0" timestamp="2023-08-14T14:39:44 EDT" skipped="0">
  <testcase classname="day40.FirstTestcase" name="logout" time="0.008"/>
  <testcase classname="day40.FirstTestcase" name="login" time="0.002"/>
  <testcase classname="day40.FirstTestcase" name="openApp" time="0.001"/>
</testsuite> <!-- day40.FirstTestcase -->
