<?xml version="1.0" encoding="UTF-8"?>
<!-- Generated by org.testng.reporters.JUnitReportReporter -->
<testsuite hostname="LAPTOP-T2NCHBJT" failures="0" tests="1" name="day41.Class1" time="0.009" errors="0" timestamp="2023-08-16T16:34:09 EDT" skipped="0">
  <testcase classname="day41.Class1" name="abc" time="0.009"/>
</testsuite> <!-- day41.Class1 -->
