<?xml version="1.0" encoding="UTF-8"?>
<!-- Generated by org.testng.reporters.JUnitReportReporter -->
<testsuite hostname="LAPTOP-T2NCHBJT" failures="0" tests="6" name="day43.ParamTest" time="6.191" errors="0" timestamp="2023-08-22T16:26:01 EDT" skipped="0">
  <testcase classname="day43.ParamTest" name="testLogo" time="3.051"/>
  <testcase classname="day43.ParamTest" name="testLogo" time="3.089"/>
  <testcase classname="day43.ParamTest" name="testHomePageTitle" time="0.014"/>
  <testcase classname="day43.ParamTest" name="testHomePageTitle" time="0.010"/>
  <testcase classname="day43.ParamTest" name="testAppUrl" time="0.010"/>
  <testcase classname="day43.ParamTest" name="testAppUrl" time="0.017"/>
</testsuite> <!-- day43.ParamTest -->
