<?xml version="1.0" encoding="UTF-8"?>
<!-- Generated by org.testng.reporters.JUnitReportReporter -->
<testsuite hostname="LAPTOP-T2NCHBJT" failures="0" tests="4" name="day40.OrangeHRMtest" time="20.114" errors="0" timestamp="2023-08-14T15:08:43 EDT" skipped="0">
  <testcase classname="day40.OrangeHRMtest" name="openApp" time="17.645"/>
  <testcase classname="day40.OrangeHRMtest" name="testLogo" time="1.128"/>
  <testcase classname="day40.OrangeHRMtest" name="loginTest" time="1.239"/>
  <testcase classname="day40.OrangeHRMtest" name="closeTest" time="0.102"/>
</testsuite> <!-- day40.OrangeHRMtest -->
